<?xml version="1.0" encoding="UTF-8"?>
<coverage generated="1691082514">
  <project timestamp="1691082514">
    <file name="/app/system/AnserGateway.php">
      <class name="AnserGateway\AnserGateway" namespace="global">
        <metrics complexity="18" methods="6" coveredmethods="5" conditionals="0" coveredconditionals="0" statements="49" coveredstatements="48" elements="55" coveredelements="53"/>
      </class>
      <line num="56" type="method" name="__construct" visibility="public" complexity="1" crap="1" count="37"/>
      <line num="62" type="stmt" count="37"/>
      <line num="63" type="stmt" count="37"/>
      <line num="66" type="method" name="handleRequest" visibility="public" complexity="7" crap="7" count="1"/>
      <line num="68" type="stmt" count="1"/>
      <line num="69" type="stmt" count="1"/>
      <line num="70" type="stmt" count="1"/>
      <line num="72" type="stmt" count="1"/>
      <line num="74" type="stmt" count="1"/>
      <line num="77" type="stmt" count="1"/>
      <line num="78" type="stmt" count="1"/>
      <line num="79" type="stmt" count="1"/>
      <line num="82" type="stmt" count="1"/>
      <line num="85" type="stmt" count="1"/>
      <line num="86" type="stmt" count="0"/>
      <line num="89" type="stmt" count="1"/>
      <line num="90" type="stmt" count="1"/>
      <line num="94" type="stmt" count="1"/>
      <line num="97" type="stmt" count="1"/>
      <line num="98" type="stmt" count="1"/>
      <line num="99" type="stmt" count="1"/>
      <line num="106" type="stmt" count="1"/>
      <line num="107" type="stmt" count="1"/>
      <line num="111" type="stmt" count="1"/>
      <line num="112" type="stmt" count="1"/>
      <line num="114" type="stmt" count="1"/>
      <line num="115" type="stmt" count="1"/>
      <line num="118" type="stmt" count="1"/>
      <line num="120" type="stmt" count="1"/>
      <line num="130" type="method" name="tryToRouteIt" visibility="public" complexity="1" crap="1" count="18"/>
      <line num="133" type="stmt" count="18"/>
      <line num="134" type="stmt" count="18"/>
      <line num="135" type="stmt" count="18"/>
      <line num="137" type="stmt" count="18"/>
      <line num="145" type="method" name="startController" visibility="public" complexity="7" crap="7" count="8"/>
      <line num="148" type="stmt" count="8"/>
      <line num="149" type="stmt" count="1"/>
      <line num="152" type="stmt" count="1"/>
      <line num="156" type="stmt" count="7"/>
      <line num="157" type="stmt" count="1"/>
      <line num="161" type="stmt" count="6"/>
      <line num="162" type="stmt" count="1"/>
      <line num="166" type="stmt" count="5"/>
      <line num="167" type="stmt" count="1"/>
      <line num="171" type="stmt" count="4"/>
      <line num="172" type="stmt" count="1"/>
      <line num="181" type="method" name="createController" visibility="protected" complexity="1" crap="1" count="3"/>
      <line num="183" type="stmt" count="3"/>
      <line num="185" type="stmt" count="3"/>
      <line num="188" type="stmt" count="3"/>
      <line num="190" type="stmt" count="3"/>
      <line num="199" type="method" name="runController" visibility="protected" complexity="1" crap="1" count="2"/>
      <line num="201" type="stmt" count="2"/>
      <line num="203" type="stmt" count="2"/>
      <line num="205" type="stmt" count="2"/>
      <metrics loc="208" ncloc="134" classes="1" methods="6" coveredmethods="5" conditionals="0" coveredconditionals="0" statements="49" coveredstatements="48" elements="55" coveredelements="53"/>
    </file>
    <file name="/app/system/Exception/AnserGatewayException.php">
      <class name="AnserGateway\Exception\AnserGatewayException" namespace="global">
        <metrics complexity="1" methods="1" coveredmethods="1" conditionals="0" coveredconditionals="0" statements="1" coveredstatements="1" elements="2" coveredelements="2"/>
      </class>
      <line num="10" type="method" name="__construct" visibility="public" complexity="1" crap="1" count="13"/>
      <line num="12" type="stmt" count="13"/>
      <metrics loc="16" ncloc="16" classes="1" methods="1" coveredmethods="1" conditionals="0" coveredconditionals="0" statements="1" coveredstatements="1" elements="2" coveredelements="2"/>
    </file>
    <file name="/app/system/Exception/AnserGatewayExceptionInterface.php">
      <metrics loc="8" ncloc="8" classes="0" methods="0" coveredmethods="0" conditionals="0" coveredconditionals="0" statements="0" coveredstatements="0" elements="0" coveredelements="0"/>
    </file>
    <file name="/app/system/Filters/Exception/FilterException.php">
      <class name="AnserGateway\Filters\Exception\FilterException" namespace="global">
        <metrics complexity="3" methods="3" coveredmethods="3" conditionals="0" coveredconditionals="0" statements="3" coveredstatements="3" elements="6" coveredelements="6"/>
      </class>
      <line num="14" type="method" name="__construct" visibility="public" complexity="1" crap="1" count="3"/>
      <line num="16" type="stmt" count="3"/>
      <line num="19" type="method" name="forNoAlias" visibility="public" complexity="1" crap="1" count="2"/>
      <line num="21" type="stmt" count="2"/>
      <line num="24" type="method" name="forIncorrectInterface" visibility="public" complexity="1" crap="1" count="1"/>
      <line num="26" type="stmt" count="1"/>
      <metrics loc="30" ncloc="25" classes="1" methods="3" coveredmethods="3" conditionals="0" coveredconditionals="0" statements="3" coveredstatements="3" elements="6" coveredelements="6"/>
    </file>
    <file name="/app/system/Filters/Filters.php">
      <class name="AnserGateway\Filters\Filters" namespace="global">
        <metrics complexity="51" methods="13" coveredmethods="8" conditionals="0" coveredconditionals="0" statements="103" coveredstatements="95" elements="116" coveredelements="103"/>
      </class>
      <line num="78" type="method" name="__construct" visibility="public" complexity="1" crap="1" count="27"/>
      <line num="80" type="stmt" count="27"/>
      <line num="81" type="stmt" count="27"/>
      <line num="82" type="stmt" count="27"/>
      <line num="85" type="method" name="setResponse" visibility="public" complexity="1" crap="1" count="27"/>
      <line num="87" type="stmt" count="27"/>
      <line num="90" type="method" name="run" visibility="public" complexity="10" crap="10.29" count="6"/>
      <line num="92" type="stmt" count="6"/>
      <line num="94" type="stmt" count="6"/>
      <line num="95" type="stmt" count="6"/>
      <line num="97" type="stmt" count="6"/>
      <line num="98" type="stmt" count="1"/>
      <line num="101" type="stmt" count="5"/>
      <line num="103" type="stmt" count="3"/>
      <line num="105" type="stmt" count="3"/>
      <line num="106" type="stmt" count="0"/>
      <line num="108" type="stmt" count="0"/>
      <line num="113" type="stmt" count="3"/>
      <line num="115" type="stmt" count="1"/>
      <line num="118" type="stmt" count="2"/>
      <line num="119" type="stmt" count="2"/>
      <line num="122" type="stmt" count="0"/>
      <line num="125" type="stmt" count="3"/>
      <line num="126" type="stmt" count="3"/>
      <line num="128" type="stmt" count="3"/>
      <line num="129" type="stmt" count="3"/>
      <line num="131" type="stmt" count="3"/>
      <line num="136" type="stmt" count="4"/>
      <line num="145" type="method" name="initialize" visibility="public" complexity="5" crap="5.12" count="7"/>
      <line num="147" type="stmt" count="7"/>
      <line num="148" type="stmt" count="1"/>
      <line num="151" type="stmt" count="7"/>
      <line num="154" type="stmt" count="7"/>
      <line num="155" type="stmt" count="7"/>
      <line num="156" type="stmt" count="7"/>
      <line num="158" type="stmt" count="0"/>
      <line num="159" type="stmt" count="0"/>
      <line num="162" type="stmt" count="7"/>
      <line num="163" type="stmt" count="7"/>
      <line num="165" type="stmt" count="7"/>
      <line num="167" type="stmt" count="7"/>
      <line num="175" type="method" name="reset" visibility="public" complexity="1" crap="1" count="1"/>
      <line num="177" type="stmt" count="1"/>
      <line num="179" type="stmt" count="1"/>
      <line num="181" type="stmt" count="1"/>
      <line num="182" type="stmt" count="1"/>
      <line num="183" type="stmt" count="1"/>
      <line num="184" type="stmt" count="1"/>
      <line num="186" type="stmt" count="1"/>
      <line num="194" type="method" name="getArguments" visibility="public" complexity="2" crap="2" count="2"/>
      <line num="196" type="stmt" count="2"/>
      <line num="202" type="method" name="getFilters" visibility="public" complexity="1" crap="1" count="1"/>
      <line num="204" type="stmt" count="1"/>
      <line num="210" type="method" name="getFiltersClass" visibility="public" complexity="1" crap="1" count="1"/>
      <line num="212" type="stmt" count="1"/>
      <line num="226" type="method" name="enableFilter" visibility="public" complexity="6" crap="6.01" count="10"/>
      <line num="230" type="stmt" count="10"/>
      <line num="231" type="stmt" count="8"/>
      <line num="233" type="stmt" count="8"/>
      <line num="234" type="stmt" count="8"/>
      <line num="235" type="stmt" count="8"/>
      <line num="236" type="stmt" count="8"/>
      <line num="238" type="stmt" count="8"/>
      <line num="242" type="stmt" count="10"/>
      <line num="243" type="stmt" count="0"/>
      <line num="244" type="stmt" count="10"/>
      <line num="245" type="stmt" count="1"/>
      <line num="250" type="stmt" count="9"/>
      <line num="252" type="stmt" count="9"/>
      <line num="253" type="stmt" count="9"/>
      <line num="257" type="stmt" count="9"/>
      <line num="258" type="stmt" count="9"/>
      <line num="259" type="stmt" count="9"/>
      <line num="262" type="stmt" count="9"/>
      <line num="274" type="method" name="enableFilters" visibility="public" complexity="2" crap="2" count="7"/>
      <line num="276" type="stmt" count="7"/>
      <line num="277" type="stmt" count="7"/>
      <line num="280" type="stmt" count="7"/>
      <line num="288" type="method" name="processGlobals" visibility="protected" complexity="10" crap="10.02" count="13"/>
      <line num="290" type="stmt" count="13"/>
      <line num="291" type="stmt" count="0"/>
      <line num="294" type="stmt" count="13"/>
      <line num="297" type="stmt" count="13"/>
      <line num="299" type="stmt" count="13"/>
      <line num="300" type="stmt" count="13"/>
      <line num="302" type="stmt" count="13"/>
      <line num="303" type="stmt" count="12"/>
      <line num="304" type="stmt" count="12"/>
      <line num="306" type="stmt" count="12"/>
      <line num="308" type="stmt" count="12"/>
      <line num="309" type="stmt" count="12"/>
      <line num="310" type="stmt" count="12"/>
      <line num="314" type="stmt" count="12"/>
      <line num="317" type="stmt" count="12"/>
      <line num="318" type="stmt" count="12"/>
      <line num="331" type="method" name="processAliasesToClass" visibility="protected" complexity="6" crap="6.05" count="12"/>
      <line num="333" type="stmt" count="12"/>
      <line num="334" type="stmt" count="12"/>
      <line num="335" type="stmt" count="12"/>
      <line num="338" type="stmt" count="12"/>
      <line num="339" type="stmt" count="1"/>
      <line num="342" type="stmt" count="11"/>
      <line num="343" type="stmt" count="0"/>
      <line num="345" type="stmt" count="11"/>
      <line num="352" type="stmt" count="11"/>
      <line num="364" type="method" name="pathApplies" visibility="private" complexity="5" crap="5" count="15"/>
      <line num="367" type="stmt" count="15"/>
      <line num="368" type="stmt" count="1"/>
      <line num="372" type="stmt" count="14"/>
      <line num="373" type="stmt" count="14"/>
      <line num="377" type="stmt" count="14"/>
      <line num="379" type="stmt" count="14"/>
      <line num="381" type="stmt" count="14"/>
      <line num="383" type="stmt" count="14"/>
      <line num="384" type="stmt" count="1"/>
      <line num="388" type="stmt" count="13"/>
      <metrics loc="391" ncloc="264" classes="1" methods="13" coveredmethods="8" conditionals="0" coveredconditionals="0" statements="103" coveredstatements="95" elements="116" coveredelements="103"/>
    </file>
    <file name="/app/system/Router/Exception/RouteException.php">
      <class name="AnserGateway\Router\Exception\RouteException" namespace="global">
        <metrics complexity="10" methods="10" coveredmethods="9" conditionals="0" coveredconditionals="0" statements="10" coveredstatements="9" elements="20" coveredelements="18"/>
      </class>
      <line num="14" type="method" name="__construct" visibility="public" complexity="1" crap="1" count="10"/>
      <line num="16" type="stmt" count="10"/>
      <line num="19" type="method" name="forRouteFileNotExist" visibility="public" complexity="1" crap="2" count="0"/>
      <line num="21" type="stmt" count="0"/>
      <line num="24" type="method" name="forRouteNotExist" visibility="public" complexity="1" crap="1" count="1"/>
      <line num="26" type="stmt" count="1"/>
      <line num="29" type="method" name="forInvalidControllerName" visibility="public" complexity="1" crap="1" count="1"/>
      <line num="31" type="stmt" count="1"/>
      <line num="34" type="method" name="forMethodNotAllowed" visibility="public" complexity="1" crap="1" count="1"/>
      <line num="36" type="stmt" count="1"/>
      <line num="39" type="method" name="forControllerFileNotExist" visibility="public" complexity="1" crap="1" count="2"/>
      <line num="41" type="stmt" count="2"/>
      <line num="44" type="method" name="forEmptyController" visibility="public" complexity="1" crap="1" count="1"/>
      <line num="46" type="stmt" count="1"/>
      <line num="49" type="method" name="forControllerNotExist" visibility="public" complexity="1" crap="1" count="2"/>
      <line num="51" type="stmt" count="2"/>
      <line num="53" type="method" name="forControllerMethodNotExist" visibility="public" complexity="1" crap="1" count="1"/>
      <line num="55" type="stmt" count="1"/>
      <line num="58" type="method" name="forControllerNotValid" visibility="public" complexity="1" crap="1" count="1"/>
      <line num="60" type="stmt" count="1"/>
      <metrics loc="65" ncloc="60" classes="1" methods="10" coveredmethods="9" conditionals="0" coveredconditionals="0" statements="10" coveredstatements="9" elements="20" coveredelements="18"/>
    </file>
    <file name="/app/system/Router/RouteCollector.php">
      <class name="AnserGateway\Router\RouteCollector" namespace="global">
        <metrics complexity="5" methods="4" coveredmethods="4" conditionals="0" coveredconditionals="0" statements="8" coveredstatements="8" elements="12" coveredelements="12"/>
      </class>
      <line num="27" type="method" name="loadRoutes" visibility="public" complexity="2" crap="2" count="59"/>
      <line num="29" type="stmt" count="59"/>
      <line num="30" type="stmt" count="2"/>
      <line num="33" type="stmt" count="57"/>
      <line num="34" type="stmt" count="57"/>
      <line num="36" type="stmt" count="57"/>
      <line num="44" type="method" name="getRouteList" visibility="public" complexity="1" crap="1" count="2"/>
      <line num="46" type="stmt" count="2"/>
      <line num="54" type="method" name="getDidDiscover" visibility="public" complexity="1" crap="1" count="2"/>
      <line num="56" type="stmt" count="2"/>
      <line num="59" type="method" name="resetDiscover" visibility="public" complexity="1" crap="1" count="57"/>
      <line num="61" type="stmt" count="57"/>
      <metrics loc="64" ncloc="38" classes="1" methods="4" coveredmethods="4" conditionals="0" coveredconditionals="0" statements="8" coveredstatements="8" elements="12" coveredelements="12"/>
    </file>
    <file name="/app/system/Router/Router.php">
      <class name="AnserGateway\Router\Router" namespace="global">
        <metrics complexity="31" methods="12" coveredmethods="10" conditionals="0" coveredconditionals="0" statements="68" coveredstatements="65" elements="80" coveredelements="75"/>
      </class>
      <line num="56" type="method" name="__construct" visibility="public" complexity="1" crap="1" count="57"/>
      <line num="58" type="stmt" count="57"/>
      <line num="59" type="stmt" count="57"/>
      <line num="68" type="method" name="handle" visibility="public" complexity="6" crap="6.07" count="22"/>
      <line num="70" type="stmt" count="22"/>
      <line num="71" type="stmt" count="0"/>
      <line num="74" type="stmt" count="22"/>
      <line num="77" type="stmt" count="22"/>
      <line num="79" type="stmt" count="22"/>
      <line num="80" type="stmt" count="22"/>
      <line num="81" type="stmt" count="1"/>
      <line num="83" type="stmt" count="21"/>
      <line num="84" type="stmt" count="1"/>
      <line num="85" type="stmt" count="1"/>
      <line num="87" type="stmt" count="20"/>
      <line num="89" type="stmt" count="20"/>
      <line num="90" type="stmt" count="20"/>
      <line num="91" type="stmt" count="19"/>
      <line num="93" type="stmt" count="1"/>
      <line num="94" type="stmt" count="0"/>
      <line num="104" type="method" name="dispatcher" visibility="public" complexity="1" crap="1" count="57"/>
      <line num="106" type="stmt" count="57"/>
      <line num="107" type="stmt" count="57"/>
      <line num="108" type="stmt" count="57"/>
      <line num="117" type="method" name="checkRoute" visibility="protected" complexity="6" crap="6" count="25"/>
      <line num="120" type="stmt" count="25"/>
      <line num="121" type="stmt" count="0"/>
      <line num="124" type="stmt" count="25"/>
      <line num="125" type="stmt" count="25"/>
      <line num="126" type="stmt" count="25"/>
      <line num="127" type="stmt" count="25"/>
      <line num="130" type="stmt" count="25"/>
      <line num="132" type="stmt" count="4"/>
      <line num="134" type="stmt" count="4"/>
      <line num="136" type="stmt" count="4"/>
      <line num="138" type="stmt" count="4"/>
      <line num="141" type="stmt" count="21"/>
      <line num="142" type="stmt" count="21"/>
      <line num="144" type="stmt" count="21"/>
      <line num="145" type="stmt" count="1"/>
      <line num="148" type="stmt" count="20"/>
      <line num="149" type="stmt" count="19"/>
      <line num="150" type="stmt" count="19"/>
      <line num="152" type="stmt" count="19"/>
      <line num="155" type="stmt" count="1"/>
      <line num="158" type="method" name="setRequest" visibility="protected" complexity="2" crap="2" count="23"/>
      <line num="160" type="stmt" count="23"/>
      <line num="162" type="stmt" count="23"/>
      <line num="163" type="stmt" count="23"/>
      <line num="166" type="stmt" count="23"/>
      <line num="174" type="method" name="scanHandler" visibility="protected" complexity="5" crap="5" count="24"/>
      <line num="177" type="stmt" count="24"/>
      <line num="179" type="stmt" count="24"/>
      <line num="180" type="stmt" count="21"/>
      <line num="181" type="stmt" count="21"/>
      <line num="183" type="stmt" count="21"/>
      <line num="184" type="stmt" count="1"/>
      <line num="186" type="stmt" count="20"/>
      <line num="189" type="stmt" count="3"/>
      <line num="190" type="stmt" count="2"/>
      <line num="191" type="stmt" count="2"/>
      <line num="193" type="stmt" count="2"/>
      <line num="194" type="stmt" count="1"/>
      <line num="196" type="stmt" count="1"/>
      <line num="199" type="stmt" count="1"/>
      <line num="209" type="method" name="setFilter" visibility="protected" complexity="5" crap="5" count="25"/>
      <line num="211" type="stmt" count="25"/>
      <line num="212" type="stmt" count="4"/>
      <line num="215" type="stmt" count="25"/>
      <line num="216" type="stmt" count="23"/>
      <line num="225" type="method" name="resetFilters" visibility="protected" complexity="1" crap="1" count="21"/>
      <line num="227" type="stmt" count="21"/>
      <line num="235" type="method" name="getFilters" visibility="public" complexity="1" crap="1" count="19"/>
      <line num="237" type="stmt" count="19"/>
      <line num="245" type="method" name="getController" visibility="public" complexity="1" crap="1" count="1"/>
      <line num="247" type="stmt" count="1"/>
      <line num="249" type="method" name="getMethod" visibility="public" complexity="1" crap="1" count="19"/>
      <line num="251" type="stmt" count="19"/>
      <line num="254" type="method" name="getParams" visibility="public" complexity="1" crap="1" count="19"/>
      <line num="256" type="stmt" count="19"/>
      <metrics loc="259" ncloc="178" classes="1" methods="12" coveredmethods="10" conditionals="0" coveredconditionals="0" statements="68" coveredstatements="65" elements="80" coveredelements="75"/>
    </file>
    <metrics files="8" loc="1041" ncloc="723" classes="7" methods="49" coveredmethods="40" conditionals="0" coveredconditionals="0" statements="242" coveredstatements="229" elements="291" coveredelements="269"/>
  </project>
</coverage>
